c:\users\ilays\source\repos\chess-engine\chess\chess\x64\debug\vc143.pdb
c:\users\ilays\source\repos\chess-engine\chess\chess\x64\debug\vc143.idb
c:\users\mechina-hanich5\source\repos\chess-engine\chess\chess\x64\debug\vc143.pdb
c:\users\mechina-hanich5\source\repos\chess-engine\chess\chess\x64\debug\vc143.idb
c:\users\mechina-hanich5\source\repos\chess-engine\chess\chess\x64\debug\bitboard.obj
c:\users\mechina-hanich5\source\repos\chess-engine\chess\chess\x64\debug\sliding_piece_gen.obj
c:\users\mechina-hanich5\source\repos\chess-engine\chess\chess\x64\debug\move_gen.obj
c:\users\mechina-hanich5\source\repos\chess-engine\chess\chess\x64\debug\position.obj
c:\users\mechina-hanich5\source\repos\chess-engine\chess\chess\x64\debug\board.obj
c:\users\mechina-hanich5\source\repos\chess-engine\chess\chess\x64\debug\bits.obj
c:\users\mechina-hanich5\source\repos\chess-engine\chess\chess\x64\debug\leaping_piece_gen.obj
c:\users\mechina-hanich5\source\repos\chess-engine\chess\chess\x64\debug\chess.obj
c:\users\mechina-hanich5\source\repos\chess-engine\chess\chess\x64\debug\knight.obj
c:\users\mechina-hanich5\source\repos\chess-engine\chess\chess\x64\debug\king.obj
c:\users\mechina-hanich5\source\repos\chess-engine\chess\chess\x64\debug\chess.obj.enc
c:\users\mechina-hanich5\source\repos\chess-engine\chess\x64\debug\chess.pdb
c:\users\mechina-hanich5\source\repos\chess-engine\chess\chess\x64\debug\chess.tlog\cl.command.1.tlog
c:\users\mechina-hanich5\source\repos\chess-engine\chess\chess\x64\debug\chess.tlog\cl.items.tlog
c:\users\mechina-hanich5\source\repos\chess-engine\chess\chess\x64\debug\chess.tlog\cl.read.1.tlog
c:\users\mechina-hanich5\source\repos\chess-engine\chess\chess\x64\debug\chess.tlog\cl.write.1.tlog
c:\users\mechina-hanich5\source\repos\chess-engine\chess\chess\x64\debug\chess.tlog\link-cvtres.read.1.tlog
c:\users\mechina-hanich5\source\repos\chess-engine\chess\chess\x64\debug\chess.tlog\link-cvtres.write.1.tlog
c:\users\mechina-hanich5\source\repos\chess-engine\chess\chess\x64\debug\chess.tlog\link-rc.read.1.tlog
c:\users\mechina-hanich5\source\repos\chess-engine\chess\chess\x64\debug\chess.tlog\link-rc.write.1.tlog
c:\users\mechina-hanich5\source\repos\chess-engine\chess\chess\x64\debug\chess.tlog\link.16024-cvtres.read.1.tlog
c:\users\mechina-hanich5\source\repos\chess-engine\chess\chess\x64\debug\chess.tlog\link.16024-cvtres.write.1.tlog
c:\users\mechina-hanich5\source\repos\chess-engine\chess\chess\x64\debug\chess.tlog\link.16024-rc.read.1.tlog
c:\users\mechina-hanich5\source\repos\chess-engine\chess\chess\x64\debug\chess.tlog\link.16024-rc.write.1.tlog
c:\users\mechina-hanich5\source\repos\chess-engine\chess\chess\x64\debug\chess.tlog\link.16024.read.1.tlog
c:\users\mechina-hanich5\source\repos\chess-engine\chess\chess\x64\debug\chess.tlog\link.16024.read.2.tlog
c:\users\mechina-hanich5\source\repos\chess-engine\chess\chess\x64\debug\chess.tlog\link.16024.write.1.tlog
c:\users\mechina-hanich5\source\repos\chess-engine\chess\chess\x64\debug\chess.tlog\link.command.1.tlog
c:\users\mechina-hanich5\source\repos\chess-engine\chess\chess\x64\debug\chess.tlog\link.read.1.tlog
c:\users\mechina-hanich5\source\repos\chess-engine\chess\chess\x64\debug\chess.tlog\link.read.2.tlog
c:\users\mechina-hanich5\source\repos\chess-engine\chess\chess\x64\debug\chess.tlog\link.read.3.tlog
c:\users\mechina-hanich5\source\repos\chess-engine\chess\chess\x64\debug\chess.tlog\link.write.1.tlog
